[16:31:42] <RMVR>
[16:31:42] <RMVR,1408>
[16:31:42] <RDFN>
[16:31:42] <RDFN,2952921600>
[16:31:43] <GCMG>
[16:31:43] <GCMG,40,20,0,0,0,0,1,1,1,1,0,0,0,0,2,2,0,0,0,0,0,0,0,0,0,0,0,0,0,0,0,0,0,0,0,0,0,0,0,0,0,0,0,0,0,0,1,1,1,1,0,0,0,0,1,1,1,1,0,0,0,0>
[16:31:43] <5X,RPM3>
[16:31:43] <5X,RPM3,255>
[16:31:43] <6X,RPM3>
[16:31:43] <6X,RPM3,255>
[16:31:43] <7X,RPM3>
[16:31:43] <7X,RPM3,255>
[16:31:44] <8X,RPM3>
[16:31:44] <8X,RPM3,8>
[16:31:44] <13X,RPM3>
[16:31:44] <13X,RPM3,9>
[16:31:44] <14X,RPM3>
[16:31:44] <14X,RPM3,7>
[16:31:44] <RCN1>
[16:31:44] <RCN1,1,60,1344,1024,24,136,0,806,768,3,6,0,6500,1,2,0,0,1,2>
[16:31:44] <GOPS,1>
[16:31:44] <GOPS,1,13,0,0,1023,767>
[16:31:44] <GOPS,2>
[16:31:44] <GOPS,2,14,1024,0,2047,767>
[16:31:44] <CALL,0>
[16:31:44] <CALL,0,1,1,8,1,0,0,0,2047,767>
[16:32:4] <5X,RINT,0>
[16:32:4] <5X,RINT,0,60,1344,1024,24,136,0,806,768,3,6,0,6500>
[16:32:4] <6X,RINT,0>
[16:32:4] <6X,RINT,0,60,1344,1024,24,136,0,806,768,3,6,0,6500>
[16:32:5] <7X,RINT,0>
[16:32:5] <7X,RINT,0,60,1344,1024,24,136,0,806,768,3,6,0,6500>
[16:32:5] <8X,RINT,0>
[16:32:5] <8X,RINT,0,60,1344,1024,24,136,0,806,768,3,6,0,6500>
[16:32:5] <13X,RINT,0>
[16:32:5] <13X,RINT,0,60,0,0,0,0,0,0,0,0,0,0,0>
[16:32:5] <14X,RINT,0>
[16:32:5] <14X,RINT,0,60,0,0,0,0,0,0,0,0,0,0,0>
[16:32:22] <5Y,ROUT>
[16:32:22] <5Y,ROUT,1,60,1344,1024,24,136,0,806,768,3,6,0,6509>
[16:32:22] <6Y,ROUT>
[16:32:22] <6Y,ROUT,1,60,1344,1024,24,136,0,806,768,3,6,0,6509>
[16:32:22] <7Y,ROUT>
[16:32:22] <7Y,ROUT,1,60,1344,1024,24,136,0,806,768,3,6,0,6509>
[16:32:22] <8Y,ROUT>
[16:32:22] <8Y,ROUT,1,60,1344,1024,24,136,0,806,768,3,6,0,6509>
[16:32:22] <13Y,ROUT>
[16:32:22] <13Y,ROUT,1,60,1344,1024,24,136,0,806,768,3,6,0,6509>
[16:32:22] <14Y,ROUT>
[16:32:22] <14Y,ROUT,1,60,1344,1024,24,136,0,806,768,3,6,0,6509>
[16:32:22] <15Y,ROUT>
[16:32:22] <15Y,ROUT,1,60,1344,1024,24,136,0,806,768,3,6,0,6509>
[16:32:22] <16Y,ROUT>
[16:32:22] <16Y,ROUT,1,60,1344,1024,24,136,0,806,768,3,6,0,6509>
[16:36:22] <RMVR>
[16:36:22] <RMVR,1408>
[16:36:22] <RDFN>
[16:36:22] <RDFN,2952921600>
[16:36:23] <GCMG>
[16:36:23] <GCMG,40,20,0,0,0,0,1,1,1,1,0,0,0,0,2,2,0,0,0,0,0,0,0,0,0,0,0,0,0,0,0,0,0,0,0,0,0,0,0,0,0,0,0,0,0,0,1,1,1,1,0,0,0,0,1,1,1,1,0,0,0,0>
[16:37:10] <5X,RPM3>
[16:37:10] <5X,RPM3,255>
[16:37:11] <6X,RPM3>
[16:37:11] <6X,RPM3,255>
[16:37:11] <7X,RPM3>
[16:37:11] <7X,RPM3,255>
[16:37:11] <8X,RPM3>
[16:37:11] <8X,RPM3,8>
[16:37:11] <13X,RPM3>
[16:37:11] <13X,RPM3,9>
[16:37:11] <14X,RPM3>
[16:37:11] <14X,RPM3,7>
[16:37:11] <RCN1>
[16:37:11] <RCN1,1,60,1344,1024,24,136,0,806,768,3,6,0,6500,1,2,0,0,1,2>
[16:37:11] <GOPS,1>
[16:37:11] <GOPS,1,13,0,0,1023,767>
[16:37:11] <GOPS,2>
[16:37:11] <GOPS,2,14,1024,0,2047,767>
[16:37:11] <CALL,0>
[16:37:11] <CALL,0,1,1,8,1,0,0,0,2047,767>
[16:37:20] <5X,RINT,0>
[16:37:20] <5X,RINT,0,60,1344,1024,24,136,0,806,768,3,6,0,6500>
[16:37:20] <6X,RINT,0>
[16:37:20] <6X,RINT,0,60,1344,1024,24,136,0,806,768,3,6,0,6500>
[16:37:20] <7X,RINT,0>
[16:37:20] <7X,RINT,0,60,1344,1024,24,136,0,806,768,3,6,0,6500>
[16:37:21] <8X,RINT,0>
[16:37:21] <8X,RINT,0,60,1344,1024,24,136,0,806,768,3,6,0,6500>
[16:37:21] <13X,RINT,0>
[16:37:21] <13X,RINT,0,60,0,0,0,0,0,0,0,0,0,0,0>
[16:37:21] <14X,RINT,0>
[16:37:21] <14X,RINT,0,60,0,0,0,0,0,0,0,0,0,0,0>
[16:38:23] <RMVR>
[16:38:23] <RMVR,1408>
[16:38:23] <RDFN>
[16:38:23] <RDFN,2952921600>
[16:38:23] <GCMG>
[16:38:23] <GCMG,40,20,0,0,0,0,1,1,1,1,0,0,0,0,2,2,0,0,0,0,0,0,0,0,0,0,0,0,0,0,0,0,0,0,0,0,0,0,0,0,0,0,0,0,0,0,1,1,1,1,0,0,0,0,1,1,1,1,0,0,0,0>
[16:38:23] <5X,RPM3>
[16:38:23] <5X,RPM3,255>
[16:38:24] <6X,RPM3>
[16:38:24] <6X,RPM3,255>
[16:38:24] <7X,RPM3>
[16:38:24] <7X,RPM3,255>
[16:38:24] <8X,RPM3>
[16:38:24] <8X,RPM3,8>
[16:38:24] <13X,RPM3>
[16:38:24] <13X,RPM3,9>
[16:38:24] <14X,RPM3>
[16:38:24] <14X,RPM3,7>
[16:38:24] <RCN1>
[16:38:24] <RCN1,1,60,1344,1024,24,136,0,806,768,3,6,0,6500,1,2,0,0,1,2>
[16:38:24] <GOPS,1>
[16:38:24] <GOPS,1,13,0,0,1023,767>
[16:38:24] <GOPS,2>
[16:38:24] <GOPS,2,14,1024,0,2047,767>
[16:38:24] <CALL,0>
[16:38:24] <CALL,0,1,1,8,1,0,0,0,2047,767>
[16:38:31] <5X,RINT,0>
[16:38:31] <5X,RINT,0,60,1344,1024,24,136,0,806,768,3,6,0,6500>
[16:38:31] <6X,RINT,0>
[16:38:31] <6X,RINT,0,60,1344,1024,24,136,0,806,768,3,6,0,6500>
[16:38:32] <7X,RINT,0>
[16:38:32] <7X,RINT,0,60,1344,1024,24,136,0,806,768,3,6,0,6500>
[16:38:32] <8X,RINT,0>
[16:38:32] <8X,RINT,0,60,1344,1024,24,136,0,806,768,3,6,0,6500>
[16:38:32] <13X,RINT,0>
[16:38:32] <13X,RINT,0,60,0,0,0,0,0,0,0,0,0,0,0>
[16:38:32] <14X,RINT,0>
[16:38:32] <14X,RINT,0,60,0,0,0,0,0,0,0,0,0,0,0>
[16:38:42] <5Y,ROUT>
[16:38:42] <5Y,ROUT,1,60,1344,1024,24,136,0,806,768,3,6,0,6509>
[16:38:42] <6Y,ROUT>
[16:38:42] <6Y,ROUT,1,60,1344,1024,24,136,0,806,768,3,6,0,6509>
[16:38:42] <7Y,ROUT>
[16:38:42] <7Y,ROUT,1,60,1344,1024,24,136,0,806,768,3,6,0,6509>
[16:38:42] <8Y,ROUT>
[16:38:42] <8Y,ROUT,1,60,1344,1024,24,136,0,806,768,3,6,0,6509>
[16:38:42] <13Y,ROUT>
[16:38:42] <13Y,ROUT,1,60,1344,1024,24,136,0,806,768,3,6,0,6509>
[16:38:42] <14Y,ROUT>
[16:38:42] <14Y,ROUT,1,60,1344,1024,24,136,0,806,768,3,6,0,6509>
[16:38:42] <15Y,ROUT>
[16:38:42] <15Y,ROUT,1,60,1344,1024,24,136,0,806,768,3,6,0,6509>
[16:38:42] <16Y,ROUT>
[16:38:42] <16Y,ROUT,1,60,1344,1024,24,136,0,806,768,3,6,0,6509>
[17:3:6] <RMVR>
[17:3:6] <RMVR,1408>
[17:3:6] <RDFN>
[17:3:6] <RDFN,2952921600>
[17:3:7] <GCMG>
[17:3:7] <GCMG,40,20,0,0,0,0,1,1,1,1,0,0,0,0,2,2,0,0,0,0,0,0,0,0,0,0,0,0,0,0,0,0,0,0,0,0,0,0,0,0,0,0,0,0,0,0,1,1,1,1,0,0,0,0,1,1,1,1,0,0,0,0>
[17:3:7] <5X,RPM3>
[17:3:7] <5X,RPM3,255>
[17:3:8] <6X,RPM3>
[17:3:8] <6X,RPM3,255>
[17:3:8] <7X,RPM3>
[17:3:8] <7X,RPM3,255>
[17:3:8] <8X,RPM3>
[17:3:8] <8X,RPM3,8>
[17:3:8] <13X,RPM3>
[17:3:8] <13X,RPM3,9>
[17:3:8] <14X,RPM3>
[17:3:8] <14X,RPM3,7>
[17:3:8] <RCN1>
[17:3:8] <RCN1,1,60,1344,1024,24,136,0,806,768,3,6,0,6500,1,2,0,0,1,2>
[17:3:8] <GOPS,1>
[17:3:8] <GOPS,1,13,0,0,1023,767>
[17:3:8] <GOPS,2>
[17:3:8] <GOPS,2,14,1024,0,2047,767>
[17:3:8] <CALL,0>
[17:3:8] <CALL,0,1,1,8,1,0,0,0,2047,767>
[17:3:13] <5X,RINT,0>
[17:3:13] <5X,RINT,0,60,1344,1024,24,136,0,806,768,3,6,0,6500>
[17:3:14] <6X,RINT,0>
[17:3:14] <6X,RINT,0,60,1344,1024,24,136,0,806,768,3,6,0,6500>
[17:3:14] <7X,RINT,0>
[17:3:14] <7X,RINT,0,60,1344,1024,24,136,0,806,768,3,6,0,6500>
[17:3:14] <8X,RINT,0>
[17:3:14] <8X,RINT,0,60,1344,1024,24,136,0,806,768,3,6,0,6500>
[17:3:14] <13X,RINT,0>
[17:3:14] <13X,RINT,0,60,0,0,0,0,0,0,0,0,0,0,0>
[17:3:14] <14X,RINT,0>
[17:3:14] <14X,RINT,0,60,0,0,0,0,0,0,0,0,0,0,0>
[17:3:27] <5X,RSTF>
[17:3:27] <5X,RSTF,RTOK>
[17:3:28] <6X,RSTF>
[17:3:28] <6X,RSTF,RTOK>
[17:3:30] <7X,RSTF>
[17:3:30] <7X,RSTF,RTOK>
[17:3:31] <8X,RSTF>
[17:3:31] <8X,RSTF,RTOK>
[17:3:36] <13X,RSTF>
[17:3:36] <13X,RSTF,RTOK>
[17:3:42] <14X,RSTF>
[17:3:42] <14X,RSTF,RTOK>
[17:3:57] <WCN1,1,60,1344,1024,24,136,0,806,768,3,6,0,6500,1,2,0,0,4,4>
[17:3:57] <WCN1,RTOK>
[17:3:57] <SHUT,0>
[17:3:57] <SHUT,RTOK>
[17:3:57] <SOPS,1,5,0,0,1023,767>
[17:3:57] <SOPS,RTOK>
[17:3:57] <SOPS,2,6,1024,0,2047,767>
[17:3:57] <SOPS,RTOK>
[17:4:14] <OPEN,1,8,0,0,0,1023,767>
[17:4:14] <OPEN,RTOK>
[17:4:15] <SIZE,1,8,0,0,0,2047,767>
[17:4:15] <SIZE,RTOK>
[17:4:19] <5Y,ROUT>
[17:4:19] <5Y,ROUT,1,60,1344,1024,24,136,0,806,768,3,6,0,6509>
[17:4:19] <6Y,ROUT>
[17:4:19] <6Y,ROUT,1,60,1344,1024,24,136,0,806,768,3,6,0,6509>
[17:4:19] <7Y,ROUT>
[17:4:19] <7Y,ROUT,1,60,1344,1024,24,136,0,806,768,3,6,0,6509>
[17:4:19] <8Y,ROUT>
[17:4:19] <8Y,ROUT,1,60,1344,1024,24,136,0,806,768,3,6,0,6509>
[17:4:19] <13Y,ROUT>
[17:4:19] <13Y,ROUT,1,60,1344,1024,24,136,0,806,768,3,6,0,6509>
[17:4:19] <14Y,ROUT>
[17:4:19] <14Y,ROUT,1,60,1344,1024,24,136,0,806,768,3,6,0,6509>
[17:4:19] <15Y,ROUT>
[17:4:19] <15Y,ROUT,1,60,1344,1024,24,136,0,806,768,3,6,0,6509>
[17:4:19] <16Y,ROUT>
[17:4:19] <16Y,ROUT,1,60,1344,1024,24,136,0,806,768,3,6,0,6509>
[17:8:25] <RMVR>
[17:8:25] <RMVR,1408>
[17:8:25] <RDFN>
[17:8:25] <RDFN,2952921600>
[17:8:25] <GCMG>
[17:8:25] <GCMG,40,20,0,0,0,0,1,1,1,1,0,0,0,0,2,2,0,0,0,0,0,0,0,0,0,0,0,0,0,0,0,0,0,0,0,0,0,0,0,0,0,0,0,0,0,0,1,1,1,1,0,0,0,0,1,1,1,1,0,0,0,0>
[17:8:25] <5X,RPM3>
[17:8:25] <5X,RPM3,255>
[17:8:26] <6X,RPM3>
[17:8:26] <6X,RPM3,255>
[17:8:26] <7X,RPM3>
[17:8:26] <7X,RPM3,255>
[17:8:26] <8X,RPM3>
[17:8:26] <8X,RPM3,255>
[17:8:26] <13X,RPM3>
[17:8:26] <13X,RPM3,9>
[17:8:26] <14X,RPM3>
[17:8:26] <14X,RPM3,7>
[17:8:26] <RCN1>
[17:8:26] <RCN1,1,60,1344,1024,24,136,0,806,768,3,6,0,6500,1,2,0,0,4,4>
[17:8:26] <GOPS,1>
[17:8:26] <GOPS,1,5,0,0,1023,767>
[17:8:26] <GOPS,2>
[17:8:26] <GOPS,2,6,1024,0,2047,767>
[17:8:26] <CALL,0>
[17:8:26] <CALL,0,1,1,8,1,0,0,0,2047,767>
[17:8:36] <6X,RPM2>
[17:8:36] <6X,RPM2,0,0>
[17:8:36] <6X,RPM1>
[17:8:36] <6X,RPM1,0,0,0,0>
[17:8:39] <13X,RPM2>
[17:8:39] <13X,RPM2,0,0>
[17:8:39] <13X,RPM1>
[17:8:39] <13X,RPM1,0,0,0,0>
[17:8:43] <14X,RPM2>
[17:8:43] <14X,RPM2,0,0>
[17:8:43] <14X,RPM1>
[17:8:43] <14X,RPM1,0,0,0,0>
[17:9:8] <5X,RINT,0>
[17:9:8] <5X,RINT,0,60,1344,1024,24,136,0,806,768,3,6,0,6500>
[17:9:9] <6X,RINT,0>
[17:9:9] <6X,RINT,0,60,1344,1024,24,136,0,806,768,3,6,0,6500>
[17:9:9] <7X,RINT,0>
[17:9:9] <7X,RINT,0,60,1344,1024,24,136,0,806,768,3,6,0,6500>
[17:9:9] <8X,RINT,0>
[17:9:9] <8X,RINT,0,60,1344,1024,24,136,0,806,768,3,6,0,6500>
[17:9:10] <13X,RINT,0>
[17:9:10] <13X,RINT,0,60,0,0,0,0,0,0,0,0,0,0,0>
[17:9:10] <14X,RINT,0>
[17:9:10] <14X,RINT,0,60,0,0,0,0,0,0,0,0,0,0,0>
[17:28:46] <RMVR>
[17:28:46] <RMVR,1408>
[17:28:46] <RDFN>
[17:28:46] <RDFN,2952921600>
[17:28:47] <GCMG>
[17:28:47] <GCMG,40,20,0,0,0,0,1,1,1,1,0,0,0,0,2,2,0,0,0,0,0,0,0,0,0,0,0,0,0,0,0,0,0,0,0,0,0,0,0,0,0,0,0,0,0,0,1,1,1,1,0,0,0,0,1,1,1,1,0,0,0,0>
[17:28:47] <5X,RPM3>
[17:28:47] <5X,RPM3,255>
[17:28:47] <6X,RPM3>
[17:28:47] <6X,RPM3,255>
[17:28:47] <7X,RPM3>
[17:28:47] <7X,RPM3,255>
[17:28:48] <8X,RPM3>
[17:28:48] <8X,RPM3,255>
[17:28:48] <13X,RPM3>
[17:28:48] <13X,RPM3,9>
[17:28:48] <14X,RPM3>
[17:28:48] <14X,RPM3,7>
[17:28:48] <RCN1>
[17:28:48] <RCN1,1,60,1344,1024,24,136,0,806,768,3,6,0,6500,1,2,0,0,4,4>
[17:28:48] <GOPS,1>
[17:28:48] <GOPS,1,5,0,0,1023,767>
[17:28:48] <GOPS,2>
[17:28:48] <GOPS,2,6,1024,0,2047,767>
[17:28:48] <CALL,0>
[17:28:48] <CALL,0,1,1,8,1,0,0,0,2047,767>
[17:34:21] <RMVR>
[17:34:21] <RMVR,1408>
[17:34:21] <RDFN>
[17:34:21] <RDFN,2952921600>
[17:34:22] <GCMG>
[17:34:22] <GCMG,40,20,0,0,0,0,1,1,1,1,0,0,0,0,2,2,0,0,0,0,0,0,0,0,0,0,0,0,0,0,0,0,0,0,0,0,0,0,0,0,0,0,0,0,0,0,1,1,1,1,0,0,0,0,1,1,1,1,0,0,0,0>
[17:34:22] <5X,RPM3>
[17:34:22] <5X,RPM3,255>
[17:34:22] <6X,RPM3>
[17:34:22] <6X,RPM3,255>
[17:34:23] <7X,RPM3>
[17:34:23] <7X,RPM3,255>
[17:34:23] <8X,RPM3>
[17:34:23] <8X,RPM3,255>
[17:34:23] <13X,RPM3>
[17:34:23] <13X,RPM3,9>
[17:34:23] <14X,RPM3>
[17:34:23] <14X,RPM3,7>
[17:34:23] <RCN1>
[17:34:23] <RCN1,1,60,1344,1024,24,136,0,806,768,3,6,0,6500,1,2,0,0,4,4>
[17:34:23] <GOPS,1>
[17:34:23] <GOPS,1,5,0,0,1023,767>
[17:34:23] <GOPS,2>
[17:34:23] <GOPS,2,6,1024,0,2047,767>
[17:34:23] <CALL,0>
[17:34:23] <CALL,0,1,1,8,1,0,0,0,2047,767>
[17:34:30] <5X,RINT,0>
[17:34:30] <5X,RINT,0,60,1344,1024,24,136,0,806,768,3,6,0,6500>
[17:34:30] <6X,RINT,0>
[17:34:30] <6X,RINT,0,60,1344,1024,24,136,0,806,768,3,6,0,6500>
[17:34:31] <7X,RINT,0>
[17:34:31] <7X,RINT,0,60,1344,1024,24,136,0,806,768,3,6,0,6500>
[17:34:31] <8X,RINT,0>
[17:34:31] <8X,RINT,0,60,1344,1024,24,136,0,806,768,3,6,0,6500>
[17:34:31] <13X,RINT,0>
[17:34:31] <13X,RINT,0,60,0,0,0,0,0,0,0,0,0,0,0>
[17:34:31] <14X,RINT,0>
[17:34:31] <14X,RINT,0,60,0,0,0,0,0,0,0,0,0,0,0>
[17:34:36] <5X,RPM3>
[17:34:36] <5X,RPM3,255>
[17:34:37] <6X,RPM3>
[17:34:37] <6X,RPM3,255>
[17:34:37] <7X,RPM3>
[17:34:37] <7X,RPM3,255>
[17:34:37] <8X,RPM3>
[17:34:37] <8X,RPM3,255>
[17:34:37] <13X,RPM3>
[17:34:37] <13X,RPM3,9>
[17:34:37] <14X,RPM3>
[17:34:37] <14X,RPM3,7>
[17:39:45] <RMVR>
[17:39:45] <RMVR,1408>
[17:39:45] <RDFN>
[17:39:45] <RDFN,2952921600>
[17:39:46] <GCMG>
[17:39:46] <GCMG,40,20,0,0,0,0,1,1,1,1,0,0,0,0,2,2,0,0,0,0,0,0,0,0,0,0,0,0,0,0,0,0,0,0,0,0,0,0,0,0,0,0,0,0,0,0,1,1,1,1,0,0,0,0,1,1,1,1,0,0,0,0>
[17:39:46] <5X,RPM3>
[17:39:46] <5X,RPM3,255>
[17:39:47] <6X,RPM3>
[17:39:47] <6X,RPM3,255>
[17:39:47] <7X,RPM3>
[17:39:47] <7X,RPM3,255>
[17:39:47] <8X,RPM3>
[17:39:47] <8X,RPM3,255>
[17:39:47] <13X,RPM3>
[17:39:47] <13X,RPM3,9>
[17:39:47] <14X,RPM3>
[17:39:47] <14X,RPM3,7>
[17:39:47] <RCN1>
[17:39:47] <RCN1,1,60,1344,1024,24,136,0,806,768,3,6,0,6500,1,2,0,0,4,4>
[17:39:47] <GOPS,1>
[17:39:47] <GOPS,1,5,0,0,1023,767>
[17:39:47] <GOPS,2>
[17:39:47] <GOPS,2,6,1024,0,2047,767>
[17:39:47] <CALL,0>
[17:39:47] <CALL,0,1,1,8,1,0,0,0,2047,767>
[17:39:56] <5X,RINT,0>
[17:39:56] <5X,RINT,0,60,1344,1024,24,136,0,806,768,3,6,0,6500>
[17:39:57] <6X,RINT,0>
[17:39:57] <6X,RINT,0,60,1344,1024,24,136,0,806,768,3,6,0,6500>
[17:39:57] <7X,RINT,0>
[17:39:57] <7X,RINT,0,60,1344,1024,24,136,0,806,768,3,6,0,6500>
[17:39:57] <8X,RINT,0>
[17:39:57] <8X,RINT,0,60,1344,1024,24,136,0,806,768,3,6,0,6500>
[17:39:57] <13X,RINT,0>
[17:39:57] <13X,RINT,0,60,0,0,0,0,0,0,0,0,0,0,0>
[17:39:58] <14X,RINT,0>
[17:39:58] <14X,RINT,0,60,0,0,0,0,0,0,0,0,0,0,0>
[17:40:12] <5Y,ROUT>
[17:40:12] <5Y,ROUT,1,60,1344,1024,24,136,0,806,768,3,6,0,6509>
[17:40:12] <6Y,ROUT>
[17:40:12] <6Y,ROUT,1,60,1344,1024,24,136,0,806,768,3,6,0,6509>
[17:40:12] <7Y,ROUT>
[17:40:12] <7Y,ROUT,1,60,1344,1024,24,136,0,806,768,3,6,0,6509>
[17:40:12] <8Y,ROUT>
[17:40:12] <8Y,ROUT,1,60,1344,1024,24,136,0,806,768,3,6,0,6509>
[17:40:12] <13Y,ROUT>
[17:40:12] <13Y,ROUT,1,60,1344,1024,24,136,0,806,768,3,6,0,6509>
[17:40:12] <14Y,ROUT>
[17:40:12] <14Y,ROUT,1,60,1344,1024,24,136,0,806,768,3,6,0,6509>
[17:40:12] <15Y,ROUT>
[17:40:12] <15Y,ROUT,1,60,1344,1024,24,136,0,806,768,3,6,0,6509>
[17:40:12] <16Y,ROUT>
[17:40:12] <16Y,ROUT,1,60,1344,1024,24,136,0,806,768,3,6,0,6509>
[17:40:38] <CALL,2>
[17:40:38] <CALL,2,1,2,5,1,0,2122,204,3312,752,1,4,5,2,0,2259,1497,3507,2076>
[17:40:40] <CALL,3>
[17:40:40] <CALL,3>
[17:40:42] <CALL,2>
[17:40:42] <CALL,2,1,2,5,1,0,2122,204,3312,752,1,4,5,2,0,2259,1497,3507,2076>
[17:40:57] <SIZE,2,5,0,0,0,1190,548>
[17:40:57] <SIZE,RTOK>
[17:41:23] <SIZE,4,5,0,1191,0,2439,579>
[17:41:23] <SIZE,RTOK>
[17:41:35] <SIZE,4,5,0,1191,0,2439,499>
[17:41:35] <SIZE,RTOK>
[17:41:39] <SIZE,4,5,0,1191,0,2439,549>
[17:41:39] <SIZE,RTOK>
[17:41:44] <SIZE,2,5,0,0,0,1190,549>
[17:41:44] <SIZE,RTOK>
[17:41:49] <SIZE,2,5,0,0,0,1099,549>
[17:41:49] <SIZE,RTOK>
[17:41:53] <SIZE,4,5,0,1100,0,2348,549>
[17:41:53] <SIZE,RTOK>
[17:41:59] <SIZE,4,5,0,1100,0,2199,549>
[17:41:59] <SIZE,RTOK>
[17:42:6] <SIZE,2,5,0,0,0,999,549>
[17:42:6] <SIZE,RTOK>
[17:42:17] <SIZE,2,5,0,0,0,1023,549>
[17:42:17] <SIZE,RTOK>
[17:42:23] <SIZE,4,5,0,1024,0,2047,549>
[17:42:23] <SIZE,RTOK>
[17:42:32] <SAVE,1>
[17:42:32] <SAVE,RTOK>
[17:42:41] <CALL,3>
[17:42:41] <CALL,3>
[17:42:43] <CALL,3>
[17:42:43] <CALL,3>
[17:42:45] <CALL,2>
[17:42:45] <CALL,2,1,2,5,1,0,2122,204,3312,752,1,4,5,2,0,2259,1497,3507,2076>
[17:44:31] <RMVR>
[17:44:31] <RMVR,1408>
[17:44:31] <RDFN>
[17:44:31] <RDFN,2952921600>
[17:44:32] <GCMG>
[17:44:32] <GCMG,40,20,0,0,0,0,1,1,1,1,0,0,0,0,2,2,0,0,0,0,0,0,0,0,0,0,0,0,0,0,0,0,0,0,0,0,0,0,0,0,0,0,0,0,0,0,1,1,1,1,0,0,0,0,1,1,1,1,0,0,0,0>
[17:44:32] <5X,RPM3>
[17:44:32] <5X,RPM3,255>
[17:44:33] <6X,RPM3>
[17:44:33] <6X,RPM3,255>
[17:44:33] <7X,RPM3>
[17:44:33] <7X,RPM3,255>
[17:44:33] <8X,RPM3>
[17:44:33] <8X,RPM3,255>
[17:44:33] <13X,RPM3>
[17:44:33] <13X,RPM3,9>
[17:44:33] <14X,RPM3>
[17:44:33] <14X,RPM3,7>
[17:44:34] <RCN1>
[17:44:34] <RCN1,1,60,1344,1024,24,136,0,806,768,3,6,0,6500,1,2,0,0,4,4>
[17:44:34] <GOPS,1>
[17:44:34] <GOPS,1,5,0,0,1023,767>
[17:44:34] <GOPS,2>
[17:44:34] <GOPS,2,6,1024,0,2047,767>
[17:44:34] <CALL,0>
[17:44:34] <CALL,0,1,2,5,1,0,2122,204,3312,752,1,4,5,2,0,2259,1497,3507,2076>
[17:44:38] <CALL,1>
[17:44:38] <CALL,1,1,2,5,1,0,0,0,1023,549,1,4,5,2,0,1024,0,2047,549>
[17:44:41] <CALL,2>
[17:44:41] <CALL,2,1,2,5,1,0,2122,204,3312,752,1,4,5,2,0,2259,1497,3507,2076>
[17:44:50] <SHUT,0>
[17:44:50] <SHUT,RTOK>
[17:44:52] <OPEN,1,5,0,176,178,773,655>
[17:44:52] <OPEN,RTOK>
[17:44:53] <OPEN,2,5,0,944,165,1554,541>
[17:44:53] <OPEN,RTOK>
[17:44:54] <MOVE,2,5,0,1169,217,1779,593>
[17:44:54] <MOVE,RTOK>
[17:44:56] <MOVE,1,5,0,153,191,750,668>
[17:44:56] <MOVE,RTOK>
[17:44:57] <MOVE,2,5,0,1102,170,1712,546>
[17:44:57] <MOVE,RTOK>
[17:45:1] <SAVE,2>
[17:45:1] <SAVE,RTOK>
[17:45:5] <CALL,1>
[17:45:5] <CALL,1,1,2,5,1,0,0,0,1023,549,1,4,5,2,0,1024,0,2047,549>
[17:45:7] <CALL,2>
[17:45:7] <CALL,2,1,1,5,1,0,153,191,750,668,1,2,5,2,0,1102,170,1712,546>
[17:45:15] <CALL,1>
[17:45:15] <CALL,1,1,2,5,1,0,0,0,1023,549,1,4,5,2,0,1024,0,2047,549>
[17:45:20] <CALL,2>
[17:45:20] <CALL,2,1,1,5,1,0,153,191,750,668,1,2,5,2,0,1102,170,1712,546>
[17:48:23] <RMVR>
[17:48:23] <RMVR,1408>
[17:48:23] <RDFN>
[17:48:23] <RDFN,2952921600>
[17:48:23] <GCMG>
[17:48:23] <GCMG,40,20,0,0,0,0,1,1,1,1,0,0,0,0,2,2,0,0,0,0,0,0,0,0,0,0,0,0,0,0,0,0,0,0,0,0,0,0,0,0,0,0,0,0,0,0,1,1,1,1,0,0,0,0,1,1,1,1,0,0,0,0>
[17:48:23] <5X,RPM3>
[17:48:23] <5X,RPM3,255>
[17:48:24] <6X,RPM3>
[17:48:24] <6X,RPM3,255>
[17:48:24] <7X,RPM3>
[17:48:24] <7X,RPM3,255>
[17:48:24] <8X,RPM3>
[17:48:24] <8X,RPM3,255>
[17:48:24] <13X,RPM3>
[17:48:24] <13X,RPM3,9>
[17:48:24] <14X,RPM3>
[17:48:24] <14X,RPM3,7>
[17:48:24] <RCN1>
[17:48:24] <RCN1,1,60,1344,1024,24,136,0,806,768,3,6,0,6500,1,2,0,0,4,4>
[17:48:24] <GOPS,1>
[17:48:24] <GOPS,1,5,0,0,1023,767>
[17:48:24] <GOPS,2>
[17:48:24] <GOPS,2,6,1024,0,2047,767>
[17:48:24] <CALL,0>
[17:48:24] <CALL,0,1,1,5,1,0,153,191,750,668,1,2,5,2,0,1102,170,1712,546>
[17:48:28] <CALL,1>
[17:48:28] <CALL,1,1,2,5,1,0,0,0,1023,549,1,4,5,2,0,1024,0,2047,549>
[17:48:30] <CALL,2>
[17:48:30] <CALL,2,1,1,5,1,0,153,191,750,668,1,2,5,2,0,1102,170,1712,546>
[17:48:54] <CALL,1>
[17:48:54] <CALL,1,1,2,5,1,0,0,0,1023,549,1,4,5,2,0,1024,0,2047,549>
[17:52:25] <RMVR>
[17:52:25] <RMVR,1408>
[17:52:25] <RDFN>
[17:52:25] <RDFN,2952921600>
[17:52:26] <GCMG>
[17:52:26] <GCMG,40,20,0,0,0,0,1,1,1,1,0,0,0,0,2,2,0,0,0,0,0,0,0,0,0,0,0,0,0,0,0,0,0,0,0,0,0,0,0,0,0,0,0,0,0,0,1,1,1,1,0,0,0,0,1,1,1,1,0,0,0,0>
[17:52:26] <5X,RPM3>
[17:52:26] <5X,RPM3,255>
[17:52:26] <6X,RPM3>
[17:52:26] <6X,RPM3,255>
[17:52:26] <7X,RPM3>
[17:52:26] <7X,RPM3,255>
[17:52:27] <8X,RPM3>
[17:52:27] <8X,RPM3,255>
[17:52:27] <13X,RPM3>
[17:52:27] <13X,RPM3,9>
[17:52:27] <14X,RPM3>
[17:52:27] <14X,RPM3,7>
[17:52:27] <RCN1>
[17:52:27] <RCN1,1,60,1344,1024,24,136,0,806,768,3,6,0,6500,1,2,0,0,4,4>
[17:52:27] <GOPS,1>
[17:52:27] <GOPS,1,5,0,0,1023,767>
[17:52:27] <GOPS,2>
[17:52:27] <GOPS,2,6,1024,0,2047,767>
[17:52:27] <CALL,0>
[17:52:27] <CALL,0,1,2,5,1,0,0,0,1023,549,1,4,5,2,0,1024,0,2047,549>
[17:52:50] <CALL,1>
[17:52:50] <CALL,1,1,2,5,1,0,0,0,1023,549,1,4,5,2,0,1024,0,2047,549>
[17:52:55] <CALL,2>
[17:52:55] <CALL,2,1,1,5,1,0,153,191,750,668,1,2,5,2,0,1102,170,1712,546>
[17:53:32] <RMVR>
[17:53:32] <RMVR,1408>
[17:53:32] <RDFN>
[17:53:32] <RDFN,2952921600>
[17:53:33] <GCMG>
[17:53:33] <GCMG,40,20,0,0,0,0,1,1,1,1,0,0,0,0,2,2,0,0,0,0,0,0,0,0,0,0,0,0,0,0,0,0,0,0,0,0,0,0,0,0,0,0,0,0,0,0,1,1,1,1,0,0,0,0,1,1,1,1,0,0,0,0>
[17:53:33] <5X,RPM3>
[17:53:33] <5X,RPM3,255>
[17:53:34] <6X,RPM3>
[17:53:34] <6X,RPM3,255>
[17:53:34] <7X,RPM3>
[17:53:34] <7X,RPM3,255>
[17:53:34] <8X,RPM3>
[17:53:34] <8X,RPM3,255>
[17:53:34] <13X,RPM3>
[17:53:34] <13X,RPM3,9>
[17:53:34] <14X,RPM3>
[17:53:34] <14X,RPM3,7>
[17:53:34] <RCN1>
[17:53:34] <RCN1,1,60,1344,1024,24,136,0,806,768,3,6,0,6500,1,2,0,0,4,4>
[17:53:34] <GOPS,1>
[17:53:34] <GOPS,1,5,0,0,1023,767>
[17:53:34] <GOPS,2>
[17:53:34] <GOPS,2,6,1024,0,2047,767>
[17:53:34] <CALL,0>
[17:53:34] <CALL,0,1,1,5,1,0,153,191,750,668,1,2,5,2,0,1102,170,1712,546>
[17:54:12] <RMVR>
[17:54:12] <RMVR,1408>
[17:54:12] <RDFN>
[17:54:12] <RDFN,2952921600>
[17:54:13] <GCMG>
[17:54:13] <GCMG,40,20,0,0,0,0,1,1,1,1,0,0,0,0,2,2,0,0,0,0,0,0,0,0,0,0,0,0,0,0,0,0,0,0,0,0,0,0,0,0,0,0,0,0,0,0,1,1,1,1,0,0,0,0,1,1,1,1,0,0,0,0>
[17:54:13] <5X,RPM3>
[17:54:13] <5X,RPM3,255>
[17:54:13] <6X,RPM3>
[17:54:13] <6X,RPM3,255>
[17:54:14] <7X,RPM3>
[17:54:14] <7X,RPM3,255>
[17:54:14] <8X,RPM3>
[17:54:14] <8X,RPM3,255>
[17:54:14] <13X,RPM3>
[17:54:14] <13X,RPM3,9>
[17:54:14] <14X,RPM3>
[17:54:14] <14X,RPM3,7>
[17:54:14] <RCN1>
[17:54:14] <RCN1,1,60,1344,1024,24,136,0,806,768,3,6,0,6500,1,2,0,0,4,4>
[17:54:14] <GOPS,1>
[17:54:14] <GOPS,1,5,0,0,1023,767>
[17:54:14] <GOPS,2>
[17:54:14] <GOPS,2,6,1024,0,2047,767>
[17:54:16] <CALL,0>
[17:54:16] <CALL,0,1,1,5,1,0,153,191,750,668,1,2,5,2,0,1102,170,1712,546>
[17:54:21] <CALL,2>
[17:54:21] <CALL,2,1,1,5,1,0,153,191,750,668,1,2,5,2,0,1102,170,1712,546>
[17:54:34] <CALL,1>
[17:54:34] <CALL,1,1,2,5,1,0,0,0,1023,549,1,4,5,2,0,1024,0,2047,549>
[17:54:37] <CALL,2>
[17:54:37] <CALL,2,1,1,5,1,0,153,191,750,668,1,2,5,2,0,1102,170,1712,546>
[17:54:39] <CALL,1>
[17:54:39] <CALL,1,1,2,5,1,0,0,0,1023,549,1,4,5,2,0,1024,0,2047,549>
[17:54:41] <CALL,2>
[17:54:41] <CALL,2,1,1,5,1,0,153,191,750,668,1,2,5,2,0,1102,170,1712,546>
[17:54:46] <CALL,1>
[17:54:46] <CALL,1,1,2,5,1,0,0,0,1023,549,1,4,5,2,0,1024,0,2047,549>
[17:54:51] <CALL,2>
[17:54:51] <CALL,2,1,1,5,1,0,153,191,750,668,1,2,5,2,0,1102,170,1712,546>
[17:57:0] <RMVR>
[17:57:0] <RMVR,1408>
[17:57:0] <RDFN>
[17:57:0] <RDFN,2952921600>
[17:57:0] <GCMG>
[17:57:0] <GCMG,40,20,0,0,0,0,1,1,1,1,0,0,0,0,2,2,0,0,0,0,0,0,0,0,0,0,0,0,0,0,0,0,0,0,0,0,0,0,0,0,0,0,0,0,0,0,1,1,1,1,0,0,0,0,1,1,1,1,0,0,0,0>
[17:57:0] <5X,RPM3>
[17:57:0] <5X,RPM3,255>
[17:57:1] <6X,RPM3>
[17:57:1] <6X,RPM3,255>
[17:57:1] <7X,RPM3>
[17:57:1] <7X,RPM3,255>
[17:57:1] <8X,RPM3>
[17:57:1] <8X,RPM3,255>
[17:57:1] <13X,RPM3>
[17:57:1] <13X,RPM3,9>
[17:57:1] <14X,RPM3>
[17:57:1] <14X,RPM3,7>
[17:57:2] <RCN1>
[17:57:2] <RCN1,1,60,1344,1024,24,136,0,806,768,3,6,0,6500,1,2,0,0,4,4>
[17:57:2] <GOPS,1>
[17:57:2] <GOPS,1,5,0,0,1023,767>
[17:57:2] <GOPS,2>
[17:57:2] <GOPS,2,6,1024,0,2047,767>
[17:57:2] <CALL,0>
[17:57:2] <CALL,0,1,1,5,1,0,153,191,750,668,1,2,5,2,0,1102,170,1712,546>
[17:57:11] <CALL,1>
[17:57:11] <CALL,1,1,2,5,1,0,0,0,1023,549,1,4,5,2,0,1024,0,2047,549>
[17:57:16] <CALL,2>
[17:57:16] <CALL,2,1,1,5,1,0,153,191,750,668,1,2,5,2,0,1102,170,1712,546>
[9:26:39] <RMVR>
[9:26:39] <RMVR,1408>
[9:26:39] <RDFN>
[9:26:39] <RDFN,2684420352>
[9:26:41] <RMVR>
[9:26:41] <RMVR,1408>
[9:26:41] <RDFN>
[9:26:41] <RDFN,2684552192>
[9:26:43] <RMVR>
[9:26:43] <RMVR,1408>
[9:26:43] <RDFN>
[9:26:43] <RDFN,2684420352>
