--------------------------------------------------------------------------------------------

--------------- 2015-05-05 --------------
-- 1.完成主框架
-- 2.添加主功能：插卡式三屏宝模块
     明细：1.支持网络和串口对三屏宝板卡的输入输出分辨率设置
           2.支持USB对单个三屏宝板卡的输入输出分辨率设置

-- Author:Hong Yongbo
-----------------------------------------


--------------- 2015-07-08 --------------
-- 1.添加主功能：独立MG300模块
     明细：1.具有输入分辨率控制功能
           2.具有色差校正功能
           3.具有黑电平设置功能
           4.具有融合带设置功能
           5.具有几何校正功能
           6.具有多点校正功能
           7.具有图像钝化功能

-- Author:Hong Yongbo
-----------------------------------------


---------------- 2015-09-11 -------------
-- 1.添加三屏分割模块
     明细：1.可设置三屏分割模块的输入分辨率
           2.具有开窗功能，每个模块最多开三个窗口

-- Author:Hong Yongbo
-----------------------------------------


---------------- 2015-10-29 -------------
-- 1.添加HDMI_3D控制页面
    明细：1.可设置HDMI_3D卡的输入输出分辨率
          2.具有3D功能控制

-- Author:Hong Yongbo
-----------------------------------------