[14:11:7] <RMVR>
[14:11:7] <RMVR,1408>
[14:11:7] <RDFN>
[14:11:7] <RDFN,2684420608>
[14:11:8] <GCMG>
[14:11:8] <GCMG,40,20,0,0,0,0,0,0,0,0,0,0,0,0,1,1,1,1,0,0,0,0,0,0,0,0,0,0,0,0,0,0,0,0,0,0,0,0,0,0,0,0,0,0,0,0,1,1,1,1,0,0,0,0,1,1,1,1,0,0,0,0>
[14:11:8] <13X,RPM3>
[14:11:8] <13X,RPM3,255>
[14:11:8] <13X,GETR>
[14:11:8] <13X,GETR,0,2200,1920,1125,1080>
[14:11:8] <14X,RPM3>
[14:11:8] <14X,RPM3,2>
[14:11:9] <14X,GETR>
[14:11:9] <14X,GETR,60,1344,1024,806,768>
[14:11:9] <15X,RPM3>
[14:11:9] <15X,RPM3,255>
[14:11:9] <15X,GETR>
[14:11:9] <15X,GETR,0,0,0,0,0>
[14:11:9] <16X,RPM3>
[14:11:9] <16X,RPM3,8>
[14:11:10] <16X,GETR>
[14:11:10] <16X,GETR,50,1688,1280,806,768>
[14:11:11] <CALL,0>
[14:11:11] <CALL,0,20,0,0,0,0,14,14,14,14,0,0,0,0,14,14,14,14,0,0,0,0>
[14:11:21] <13X,RINT,0>
[14:11:21] <13X,RINT,0,60,1680,1280,72,128,1,831,800,3,6,0,8376>
[14:11:22] <14X,RINT,0>
[14:11:22] <14X,RINT,0,60,1680,1280,72,128,1,831,800,3,6,0,8376>
[14:11:22] <15X,RINT,0>
[14:11:22] <15X,RINT,0,60,1680,1280,72,128,1,831,800,3,6,0,8376>
[14:11:22] <16X,RINT,0>
[14:11:22] <16X,RINT,0,60,1680,1280,72,128,1,831,800,3,6,0,8376>
[14:11:26] <5Y,ROUT>
[14:11:26] <5Y,ROUT,1,60,2200,1920,88,44,1,1125,1080,4,5,1,14850>
[14:11:26] <6Y,ROUT>
[14:11:26] <6Y,ROUT,1,60,2200,1920,88,44,1,1125,1080,4,5,1,14850>
[14:11:26] <7Y,ROUT>
[14:11:26] <7Y,ROUT,1,60,2200,1920,88,44,1,1125,1080,4,5,1,14850>
[14:11:26] <8Y,ROUT>
[14:11:26] <8Y,ROUT,1,60,2200,1920,88,44,1,1125,1080,4,5,1,14850>
[14:11:26] <13Y,ROUT>
[14:11:26] <13Y,ROUT,1,60,2200,1920,88,44,1,1125,1080,4,5,1,14850>
[14:11:26] <14Y,ROUT>
[14:11:26] <14Y,ROUT,1,60,2200,1920,88,44,1,1125,1080,4,5,1,14850>
[14:11:26] <15Y,ROUT>
[14:11:26] <15Y,ROUT,1,60,2200,1920,88,44,1,1125,1080,4,5,1,14850>
[14:11:26] <16Y,ROUT>
[14:11:26] <16Y,ROUT,1,60,2200,1920,88,44,1,1125,1080,4,5,1,14850>
