[16:42:48] <RMVR>
[16:42:50] <RMVR>
[16:42:52] <RMVR>
[16:42:52] <RMVR,1408>
[16:42:52] <RDFN>
[16:42:52] <RDFN,2684486400>
[16:42:54] <GCMG>
[16:42:55] <1X,RPM3>
[16:42:56] <1X,GETR>
[16:42:57] <1X,RPM3>
[16:42:58] <1X,GETR>
[16:42:59] <2X,RPM3>
[16:43:0] <2X,GETR>
[16:43:0] <3X,RPM3>
[16:43:1] <3X,GETR>
[16:43:2] <4X,RPM3>
[16:43:2] <4X,GETR>
[16:43:2] <4X,GETR,RTER>
[16:43:2] <5X,RPM3>
[16:43:2] <5X,RPM3,RTER>
[16:43:2] <5X,GETR>
[16:43:2] <5X,GETR,RTER>
[16:43:2] <6X,RPM3>
[16:43:2] <6X,RPM3,RTER>
[16:43:2] <6X,GETR>
[16:43:2] <6X,GETR,RTER>
[16:43:2] <6X,RPM3>
[16:43:2] <6X,RPM3,RTER>
[16:43:2] <6X,GETR>
[16:43:2] <6X,GETR,RTER>
[16:43:2] <7X,RPM3>
[16:43:2] <7X,RPM3,RTER>
[16:43:2] <7X,GETR>
[16:43:2] <7X,GETR,RTER>
[16:43:2] <8X,RPM3>
[16:43:2] <8X,RPM3,RTER>
[16:43:2] <8X,GETR>
[16:43:2] <8X,GETR,RTER>
[16:43:2] <9X,RPM3>
[16:43:2] <9X,RPM3,RTER>
[16:43:2] <9X,GETR>
[16:43:2] <9X,GETR,RTER>
[16:43:2] <10X,RPM3>
[16:43:2] <10X,RPM3,RTER>
[16:43:2] <10X,GETR>
[16:43:2] <10X,GETR,RTER>
[16:43:2] <11X,RPM3>
[16:43:2] <11X,RPM3,RTER>
[16:43:2] <11X,GETR>
[16:43:2] <11X,GETR,RTER>
[16:43:2] <11X,RPM3>
[16:43:2] <11X,RPM3,RTER>
[16:43:2] <11X,GETR>
[16:43:2] <11X,GETR,RTER>
[16:43:2] <12X,RPM3>
[16:43:2] <12X,RPM3,RTER>
[16:43:2] <12X,GETR>
[16:43:2] <12X,GETR,RTER>
[16:43:2] <13X,RPM3>
[16:43:2] <13X,RPM3,RTER>
[16:43:2] <13X,GETR>
[16:43:2] <13X,GETR,RTER>
[16:43:2] <14X,RPM3>
[16:43:2] <14X,RPM3,RTER>
[16:43:2] <14X,GETR>
[16:43:2] <14X,GETR,RTER>
[16:43:2] <15X,RPM3>
[16:43:2] <15X,RPM3,RTER>
[16:43:2] <15X,GETR>
[16:43:2] <15X,GETR,RTER>
[16:43:2] <16X,RPM3>
[16:43:2] <16X,RPM3,RTER>
[16:43:2] <16X,GETR>
[16:43:2] <16X,GETR,RTER>
[16:43:2] <16X,RPM3>
[16:43:2] <16X,RPM3,RTER>
[16:43:2] <16X,GETR>
[16:43:2] <16X,GETR,RTER>
[16:43:2] <17X,RPM3>
[16:43:2] <17X,RPM3,RTER>
[16:43:2] <17X,GETR>
[16:43:2] <17X,GETR,RTER>
[16:43:2] <18X,RPM3>
[16:43:2] <18X,RPM3,RTER>
[16:43:2] <18X,GETR>
[16:43:2] <18X,GETR,RTER>
[16:43:3] <19X,RPM3>
[16:43:3] <19X,RPM3,RTER>
[16:43:3] <19X,GETR>
[16:43:3] <19X,GETR,RTER>
[16:43:3] <20X,RPM3>
[16:43:3] <20X,RPM3,RTER>
[16:43:3] <20X,GETR>
[16:43:3] <20X,GETR,RTER>
[16:43:4] <CALL,0>
[16:51:19] <RMVR>
[16:51:24] <RMVR>
[16:51:30] <RMVR>
[16:51:31] <RMVR>
[16:51:31] <RMVR,1408>
[16:51:31] <RDFN>
[16:51:31] <RDFN,2684486400>
[16:51:35] <GCMG>
[16:52:34] <RMVR>
[16:52:49] <RMVR>
[16:52:49] <RMVR,1408>
[16:52:53] <RDFN>
[16:53:6] <RMVR>
[16:53:25] <RMVR>
[16:53:25] <RMVR,1408>
[16:53:35] <RDFN>
[17:15:31] <RMVR>
[17:15:31] <RMVR,1408>
[17:15:32] <RDFN>
[17:15:32] <RDFN,2684552192>
[17:15:34] <GCMG>
[17:15:34] <GCMG,40,20,0,0,0,0,1,1,1,1,1,1,1,1,1,1,1,1,0,0,0,0,0,0,0,0,0,0,0,0,0,0,0,0,0,0,0,0,0,0,0,0,0,0,0,0,1,1,1,1,1,1,1,1,1,1,1,1,1,1,1,1>
[17:15:34] <5X,RPM3>
[17:15:34] <5X,RPM3,2>
[17:15:35] <5X,GETR>
[17:15:35] <5X,GETR,70,1328,1024,806,768>
[17:15:35] <6X,RPM3>
[17:15:35] <6X,RPM3,255>
[17:15:35] <6X,GETR>
[17:15:35] <6X,GETR,0,0,0,0,0>
[17:15:35] <7X,RPM3>
[17:15:35] <7X,RPM3,255>
[17:15:36] <7X,GETR>
[17:15:36] <7X,GETR,0,0,0,0,0>
[17:15:36] <8X,RPM3>
[17:15:36] <8X,RPM3,255>
[17:15:36] <8X,GETR>
[17:15:36] <8X,GETR,0,0,0,0,0>
[17:15:36] <9X,RPM3>
[17:15:36] <9X,RPM3,255>
[17:15:37] <9X,GETR>
[17:15:37] <9X,GETR,0,0,0,0,0>
[17:15:37] <10X,RPM3>
[17:15:37] <10X,RPM3,255>
[17:15:37] <10X,GETR>
[17:15:37] <10X,GETR,0,0,0,0,0>
[17:15:38] <11X,RPM3>
[17:15:38] <11X,RPM3,255>
[17:15:38] <11X,GETR>
[17:15:38] <11X,GETR,0,0,0,0,0>
[17:15:38] <12X,RPM3>
[17:15:38] <12X,RPM3,255>
[17:15:38] <12X,GETR>
[17:15:38] <12X,GETR,0,0,0,0,0>
[17:15:38] <13X,RPM3>
[17:15:38] <13X,RPM3,255>
[17:15:38] <13X,GETR>
[17:15:38] <13X,GETR,0,0,0,0,0>
[17:15:38] <14X,RPM3>
[17:15:38] <14X,RPM3,6>
[17:15:38] <14X,GETR>
[17:15:38] <14X,GETR,60,2200,1920,1125,1080>
[17:15:38] <15X,RPM3>
[17:15:38] <15X,RPM3,6>
[17:15:38] <15X,GETR>
[17:15:38] <15X,GETR,50,2640,1920,1125,1080>
[17:15:38] <16X,RPM3>
[17:15:38] <16X,RPM3,255>
[17:15:38] <16X,GETR>
[17:15:38] <16X,GETR,0,0,0,0,0>
[17:15:39] <CALL,0>
[17:15:39] <CALL,0,20,0,0,0,0,15,15,15,15,15,15,15,15,15,15,15,15,15,15,15,15>
[17:15:49] <RMVR>
[17:15:49] <RMVR,1408>
[17:15:49] <RDFN>
[17:15:49] <RDFN,2684420352>
[17:15:50] <GCMG>
[17:15:50] <GCMG,40,20,0,0,0,0,0,0,0,0,2,2,0,0,0,0,0,0,0,0,0,0,0,0,0,0,0,0,0,0,0,0,0,0,0,0,0,0,0,0,0,0,0,0,0,0,0,0,0,0,1,1,1,1,0,0,0,0,0,0,0,0>
[17:15:50] <9X,RPM3>
[17:15:50] <9X,RPM3,9>
[17:15:50] <9X,GETR>
[17:15:50] <9X,GETR,60,2200,1920,1125,1080>
[17:15:50] <9X,RPM3>
[17:15:50] <9X,RPM3,9>
[17:15:50] <9X,GETR>
[17:15:50] <9X,GETR,60,2200,1920,1125,1080>
[17:15:50] <10X,RPM3>
[17:15:50] <10X,RPM3,7>
[17:15:50] <10X,GETR>
[17:15:50] <10X,GETR,0,0,0,1,0>
[17:15:50] <10X,RPM3>
[17:15:50] <10X,RPM3,7>
[17:15:50] <10X,GETR>
[17:15:50] <10X,GETR,0,0,0,1,0>
[17:15:51] <CALL,0>
[17:15:51] <CALL,0,20,0,0,0,0,0,0,0,0,9A,9A,9A,9A,0,0,0,0,0,0,0,0>
[17:16:49] <RMVR>
[17:16:49] <RMVR,1408>
[17:16:49] <RDFN>
[17:16:49] <RDFN,2684420352>
[17:16:50] <GCMG>
[17:16:50] <GCMG,40,20,0,0,0,0,0,0,0,0,2,2,0,0,0,0,0,0,0,0,0,0,0,0,0,0,0,0,0,0,0,0,0,0,0,0,0,0,0,0,0,0,0,0,0,0,0,0,0,0,1,1,1,1,0,0,0,0,0,0,0,0>
[17:16:50] <9X,RPM3>
[17:16:50] <9X,RPM3,9>
[17:16:50] <9X,GETR>
[17:16:50] <9X,GETR,60,2200,1920,1125,1080>
[17:16:50] <9X,RPM3>
[17:16:50] <9X,RPM3,9>
[17:16:50] <9X,GETR>
[17:16:50] <9X,GETR,60,2200,1920,1125,1080>
[17:16:50] <10X,RPM3>
[17:16:50] <10X,RPM3,7>
[17:16:50] <10X,GETR>
[17:16:50] <10X,GETR,0,0,0,1,0>
[17:16:50] <10X,RPM3>
[17:16:50] <10X,RPM3,7>
[17:16:50] <10X,GETR>
[17:16:50] <10X,GETR,0,0,0,1,0>
[17:16:50] <CALL,0>
[17:16:50] <CALL,0,20,0,0,0,0,0,0,0,0,9A,9A,9A,9A,0,0,0,0,0,0,0,0>
[17:24:27] <RMVR>
[17:24:27] <RMVR,1408>
[17:24:27] <RDFN>
[17:24:27] <RDFN,2684420352>
[17:24:28] <GCMG>
[17:24:28] <GCMG,40,20,0,0,0,0,0,0,0,0,2,2,0,0,0,0,0,0,0,0,0,0,0,0,0,0,0,0,0,0,0,0,0,0,0,0,0,0,0,0,0,0,0,0,0,0,0,0,0,0,1,1,1,1,0,0,0,0,0,0,0,0>
[17:24:28] <9X,RPM3>
[17:24:28] <9X,RPM3,9>
[17:24:28] <9X,GETR>
[17:24:28] <9X,GETR,60,2200,1920,1125,1080>
[17:24:28] <9X,RPM3>
[17:24:28] <9X,RPM3,9>
[17:24:28] <9X,GETR>
[17:24:28] <9X,GETR,60,2200,1920,1125,1080>
[17:24:28] <10X,RPM3>
[17:24:28] <10X,RPM3,7>
[17:24:28] <10X,GETR>
[17:24:28] <10X,GETR,0,0,0,1,0>
[17:24:28] <10X,RPM3>
[17:24:28] <10X,RPM3,7>
[17:24:28] <10X,GETR>
[17:24:28] <10X,GETR,0,0,0,1,0>
[17:24:28] <CALL,0>
[17:24:28] <CALL,0,20,0,0,0,0,0,0,0,0,9A,9A,9A,9A,0,0,0,0,0,0,0,0>
[17:24:41] <RMVR>
[17:24:41] <RMVR,1408>
[17:24:41] <RDFN>
[17:24:41] <RDFN,2684552192>
[17:24:41] <GCMG>
[17:24:41] <GCMG,40,20,0,0,0,0,1,1,1,1,1,1,1,1,1,1,1,1,0,0,0,0,0,0,0,0,0,0,0,0,0,0,0,0,0,0,0,0,0,0,0,0,0,0,0,0,1,1,1,1,1,1,1,1,1,1,1,1,1,1,1,1>
[17:24:41] <5X,RPM3>
[17:24:41] <5X,RPM3,2>
[17:24:42] <5X,GETR>
[17:24:42] <5X,GETR,70,1328,1024,806,768>
[17:24:42] <6X,RPM3>
[17:24:42] <6X,RPM3,255>
[17:24:42] <6X,GETR>
[17:24:42] <6X,GETR,0,0,0,0,0>
[17:24:43] <7X,RPM3>
[17:24:43] <7X,RPM3,255>
[17:24:43] <7X,GETR>
[17:24:43] <7X,GETR,0,0,0,0,0>
[17:24:43] <8X,RPM3>
[17:24:43] <8X,RPM3,255>
[17:24:43] <8X,GETR>
[17:24:43] <8X,GETR,0,0,0,0,0>
[17:24:44] <9X,RPM3>
[17:24:44] <9X,RPM3,255>
[17:24:44] <9X,GETR>
[17:24:44] <9X,GETR,0,0,0,0,0>
[17:24:44] <10X,RPM3>
[17:24:44] <10X,RPM3,255>
[17:24:44] <10X,GETR>
[17:24:44] <10X,GETR,0,0,0,0,0>
[17:24:45] <11X,RPM3>
[17:24:45] <11X,RPM3,255>
[17:24:45] <11X,GETR>
[17:24:45] <11X,GETR,0,0,0,0,0>
[17:24:45] <12X,RPM3>
[17:24:45] <12X,RPM3,255>
[17:24:45] <12X,GETR>
[17:24:45] <12X,GETR,0,0,0,0,0>
[17:24:45] <13X,RPM3>
[17:24:45] <13X,RPM3,255>
[17:24:45] <13X,GETR>
[17:24:45] <13X,GETR,0,0,0,0,0>
[17:24:45] <14X,RPM3>
[17:24:45] <14X,RPM3,6>
[17:24:45] <14X,GETR>
[17:24:45] <14X,GETR,60,2200,1920,1125,1080>
[17:24:46] <15X,RPM3>
[17:24:46] <15X,RPM3,6>
[17:24:46] <15X,GETR>
[17:24:46] <15X,GETR,50,2640,1920,1125,1080>
[17:24:46] <16X,RPM3>
[17:24:46] <16X,RPM3,255>
[17:24:46] <16X,GETR>
[17:24:46] <16X,GETR,0,0,0,0,0>
[17:24:46] <CALL,0>
[17:24:46] <CALL,0,20,0,0,0,0,15,15,15,15,15,15,15,15,15,15,15,15,15,15,15,15>
[17:25:59] <RMVR>
[17:25:59] <RMVR,1408>
[17:25:59] <RDFN>
[17:25:59] <RDFN,2684552192>
[17:26:0] <GCMG>
[17:26:0] <GCMG,40,20,0,0,0,0,1,1,1,1,1,1,1,1,1,1,1,1,0,0,0,0,0,0,0,0,0,0,0,0,0,0,0,0,0,0,0,0,0,0,0,0,0,0,0,0,1,1,1,1,1,1,1,1,1,1,1,1,1,1,1,1>
[17:26:0] <5X,RPM3>
[17:26:0] <5X,RPM3,2>
[17:26:1] <5X,GETR>
[17:26:1] <5X,GETR,70,1328,1024,806,768>
[17:26:1] <6X,RPM3>
[17:26:1] <6X,RPM3,255>
[17:26:1] <6X,GETR>
[17:26:1] <6X,GETR,0,0,0,0,0>
[17:26:1] <7X,RPM3>
[17:26:1] <7X,RPM3,255>
[17:26:2] <7X,GETR>
[17:26:2] <7X,GETR,0,0,0,0,0>
[17:26:2] <8X,RPM3>
[17:26:2] <8X,RPM3,255>
[17:26:2] <8X,GETR>
[17:26:2] <8X,GETR,0,0,0,0,0>
[17:26:2] <9X,RPM3>
[17:26:2] <9X,RPM3,255>
[17:26:3] <9X,GETR>
[17:26:3] <9X,GETR,0,0,0,0,0>
[17:26:3] <10X,RPM3>
[17:26:3] <10X,RPM3,255>
[17:26:3] <10X,GETR>
[17:26:3] <10X,GETR,0,0,0,0,0>
[17:26:3] <11X,RPM3>
[17:26:3] <11X,RPM3,255>
[17:26:4] <11X,GETR>
[17:26:4] <11X,GETR,0,0,0,0,0>
[17:26:4] <12X,RPM3>
[17:26:4] <12X,RPM3,255>
[17:26:4] <12X,GETR>
[17:26:4] <12X,GETR,0,0,0,0,0>
[17:26:4] <13X,RPM3>
[17:26:4] <13X,RPM3,255>
[17:26:4] <13X,GETR>
[17:26:4] <13X,GETR,0,0,0,0,0>
[17:26:4] <14X,RPM3>
[17:26:4] <14X,RPM3,6>
[17:26:4] <14X,GETR>
[17:26:4] <14X,GETR,60,2200,1920,1125,1080>
[17:26:4] <15X,RPM3>
[17:26:4] <15X,RPM3,6>
[17:26:4] <15X,GETR>
[17:26:4] <15X,GETR,50,2640,1920,1125,1080>
[17:26:4] <16X,RPM3>
[17:26:4] <16X,RPM3,255>
[17:26:4] <16X,GETR>
[17:26:4] <16X,GETR,0,0,0,0,0>
[17:26:5] <CALL,0>
[17:26:5] <CALL,0,20,0,0,0,0,15,15,15,15,15,15,15,15,15,15,15,15,15,15,15,15>
[17:32:41] <RMVR>
[17:32:41] <RMVR,1408>
[17:32:41] <RDFN>
[17:32:41] <RDFN,2684552192>
[17:32:42] <GCMG>
[17:32:42] <GCMG,40,20,0,0,0,0,1,1,1,1,1,1,1,1,1,1,1,1,0,0,0,0,0,0,0,0,0,0,0,0,0,0,0,0,0,0,0,0,0,0,0,0,0,0,0,0,1,1,1,1,1,1,1,1,1,1,1,1,1,1,1,1>
[17:32:42] <5X,RPM3>
[17:32:42] <5X,RPM3,2>
[17:32:43] <5X,GETR>
[17:32:43] <5X,GETR,70,1328,1024,806,768>
[17:32:43] <6X,RPM3>
[17:32:43] <6X,RPM3,255>
[17:32:43] <6X,GETR>
[17:32:43] <6X,GETR,0,0,0,0,0>
[17:32:43] <7X,RPM3>
[17:32:43] <7X,RPM3,255>
[17:32:43] <7X,GETR>
[17:32:43] <7X,GETR,0,0,0,0,0>
[17:32:44] <8X,RPM3>
[17:32:44] <8X,RPM3,255>
[17:32:44] <8X,GETR>
[17:32:44] <8X,GETR,0,0,0,0,0>
[17:32:44] <9X,RPM3>
[17:32:44] <9X,RPM3,255>
[17:32:45] <9X,GETR>
[17:32:45] <9X,GETR,0,0,0,0,0>
[17:32:45] <10X,RPM3>
[17:32:45] <10X,RPM3,255>
[17:32:45] <10X,GETR>
[17:32:45] <10X,GETR,0,0,0,0,0>
[17:32:45] <11X,RPM3>
[17:32:45] <11X,RPM3,255>
[17:32:46] <11X,GETR>
[17:32:46] <11X,GETR,0,0,0,0,0>
[17:32:46] <12X,RPM3>
[17:32:46] <12X,RPM3,255>
[17:32:46] <12X,GETR>
[17:32:46] <12X,GETR,0,0,0,0,0>
[17:32:46] <13X,RPM3>
[17:32:46] <13X,RPM3,255>
[17:32:46] <13X,GETR>
[17:32:46] <13X,GETR,0,0,0,0,0>
[17:32:46] <14X,RPM3>
[17:32:46] <14X,RPM3,6>
[17:32:46] <14X,GETR>
[17:32:46] <14X,GETR,60,2200,1920,1125,1080>
[17:32:46] <15X,RPM3>
[17:32:46] <15X,RPM3,6>
[17:32:46] <15X,GETR>
[17:32:46] <15X,GETR,50,2640,1920,1125,1080>
[17:32:46] <16X,RPM3>
[17:32:46] <16X,RPM3,255>
[17:32:46] <16X,GETR>
[17:32:46] <16X,GETR,0,0,0,0,0>
[17:32:47] <CALL,0>
[17:32:47] <CALL,0,20,0,0,0,0,15,15,15,15,15,15,15,15,15,15,15,15,15,15,15,15>
[17:33:19] <5X,RPM3>
[17:33:19] <5X,RPM3,2>
[17:33:20] <5X,GETR>
[17:33:20] <5X,GETR,70,1328,1024,806,768>
[17:33:20] <6X,RPM3>
[17:33:20] <6X,RPM3,255>
[17:33:20] <6X,GETR>
[17:33:20] <6X,GETR,0,0,0,0,0>
[17:33:20] <7X,RPM3>
[17:33:20] <7X,RPM3,255>
[17:33:21] <7X,GETR>
[17:33:21] <7X,GETR,0,0,0,0,0>
[17:33:21] <8X,RPM3>
[17:33:21] <8X,RPM3,255>
[17:33:21] <8X,GETR>
[17:33:21] <8X,GETR,0,0,0,0,0>
[17:33:22] <9X,RPM3>
[17:33:22] <9X,RPM3,255>
[17:33:22] <9X,GETR>
[17:33:22] <9X,GETR,0,0,0,0,0>
[17:33:22] <10X,RPM3>
[17:33:22] <10X,RPM3,255>
[17:33:22] <10X,GETR>
[17:33:22] <10X,GETR,0,0,0,0,0>
[17:33:23] <11X,RPM3>
[17:33:23] <11X,RPM3,255>
[17:33:23] <11X,GETR>
[17:33:23] <11X,GETR,0,0,0,0,0>
[17:33:23] <12X,RPM3>
[17:33:23] <12X,RPM3,255>
[17:33:23] <12X,GETR>
[17:33:23] <12X,GETR,0,0,0,0,0>
[17:33:23] <13X,RPM3>
[17:33:23] <13X,RPM3,255>
[17:33:23] <13X,GETR>
[17:33:23] <13X,GETR,0,0,0,0,0>
[17:33:23] <14X,RPM3>
[17:33:23] <14X,RPM3,6>
[17:33:23] <14X,GETR>
[17:33:23] <14X,GETR,60,2200,1920,1125,1080>
[17:33:23] <15X,RPM3>
[17:33:23] <15X,RPM3,6>
[17:33:23] <15X,GETR>
[17:33:23] <15X,GETR,50,2640,1920,1125,1080>
[17:33:24] <16X,RPM3>
[17:33:24] <16X,RPM3,255>
[17:33:24] <16X,GETR>
[17:33:24] <16X,GETR,0,0,0,0,0>
[17:33:46] <5X,RPM3>
[17:33:46] <5X,RPM3,2>
[17:33:46] <5X,GETR>
[17:33:46] <5X,GETR,70,1328,1024,806,768>
[17:33:46] <6X,RPM3>
[17:33:46] <6X,RPM3,255>
[17:33:47] <6X,GETR>
[17:33:47] <6X,GETR,0,0,0,0,0>
[17:33:47] <7X,RPM3>
[17:33:47] <7X,RPM3,255>
[17:33:47] <7X,GETR>
[17:33:47] <7X,GETR,0,0,0,0,0>
[17:33:47] <8X,RPM3>
[17:33:47] <8X,RPM3,255>
[17:33:48] <8X,GETR>
[17:33:48] <8X,GETR,0,0,0,0,0>
[17:33:49] <9X,RPM3>
[17:33:49] <9X,RPM3,255>
[17:33:49] <9X,GETR>
[17:33:49] <9X,GETR,0,0,0,0,0>
[17:33:49] <10X,RPM3>
[17:33:49] <10X,RPM3,255>
[17:33:50] <10X,GETR>
[17:33:50] <10X,GETR,0,0,0,0,0>
[17:33:50] <11X,RPM3>
[17:33:50] <11X,RPM3,255>
[17:33:50] <11X,GETR>
[17:33:50] <11X,GETR,0,0,0,0,0>
[17:33:51] <12X,RPM3>
[17:33:51] <12X,RPM3,255>
[17:33:51] <12X,GETR>
[17:33:51] <12X,GETR,0,0,0,0,0>
[17:33:51] <13X,RPM3>
[17:33:51] <13X,RPM3,255>
[17:33:51] <13X,GETR>
[17:33:51] <13X,GETR,0,0,0,0,0>
[17:33:51] <14X,RPM3>
[17:33:51] <14X,RPM3,6>
[17:33:51] <14X,GETR>
[17:33:51] <14X,GETR,60,2200,1920,1125,1080>
[17:33:51] <15X,RPM3>
[17:33:51] <15X,RPM3,6>
[17:33:51] <15X,GETR>
[17:33:51] <15X,GETR,50,2640,1920,1125,1080>
[17:33:51] <16X,RPM3>
[17:33:51] <16X,RPM3,255>
[17:33:51] <16X,GETR>
[17:33:51] <16X,GETR,0,0,0,0,0>
[17:34:4] <CALL,0>
[17:34:4] <CALL,0,20,0,0,0,0,15,15,15,15,15,15,15,15,15,15,15,15,15,15,15,15>
[17:34:4] <CALL,0>
[17:34:4] <CALL,0,20,0,0,0,0,15,15,15,15,15,15,15,15,15,15,15,15,15,15,15,15>
[17:34:5] <CALL,0>
[17:34:5] <CALL,0,20,0,0,0,0,15,15,15,15,15,15,15,15,15,15,15,15,15,15,15,15>
[17:34:6] <CALL,0>
[17:34:6] <CALL,0,20,0,0,0,0,15,15,15,15,15,15,15,15,15,15,15,15,15,15,15,15>
[17:34:6] <CALL,0>
[17:34:6] <CALL,0,20,0,0,0,0,15,15,15,15,15,15,15,15,15,15,15,15,15,15,15,15>
